# JRE version: Java(TM) SE Runtime Environment (8.0_101-b13) (build 1.8.0_101-b13)
# Java VM: Java HotSpot(TM) 64-Bit Server VM (25.101-b13 mixed mode linux-amd64 compressed oops)
Heap:
 PSYoungGen      total 937472K, used 82822K [0x0000000781800000, 0x00000007c0000000, 0x00000007c0000000)
  eden space 850944K, 0% used [0x0000000781800000,0x0000000781800000,0x00000007b5700000)
  from space 86528K, 95% used [0x00000007b5700000,0x00000007ba7e1bc8,0x00000007bab80000)
  to   space 86528K, 0% used [0x00000007bab80000,0x00000007bab80000,0x00000007c0000000)
 ParOldGen       total 1062400K, used 1061871K [0x0000000704800000, 0x0000000745580000, 0x0000000781800000)
  object space 1062400K, 99% used [0x0000000704800000,0x00000007454fbf68,0x0000000745580000)
 Metaspace       used 2633K, capacity 4562K, committed 4864K, reserved 1056768K
  class space    used 274K, capacity 386K, committed 512K, reserved 1048576K
GC Heap History (10 events):
Event: 8.382 GC heap after
Heap after GC invocations=42 (full 10):
 PSYoungGen      total 957440K, used 43052K [0x0000000781800000, 0x00000007bfd80000, 0x00000007c0000000)
  eden space 893440K, 0% used [0x0000000781800000,0x0000000781800000,0x00000007b8080000)
  from space 64000K, 67% used [0x00000007bbf00000,0x00000007be90b180,0x00000007bfd80000)
  to   space 64000K, 0% used [0x00000007b8080000,0x00000007b8080000,0x00000007bbf00000)
 ParOldGen       total 893440K, used 793948K [0x0000000704800000, 0x000000073b080000, 0x0000000781800000)
  object space 893440K, 88% used [0x0000000704800000,0x0000000734f57130,0x000000073b080000)
 Metaspace       used 2612K, capacity 4562K, committed 4864K, reserved 1056768K
  class space    used 274K, capacity 386K, committed 512K, reserved 1048576K
}
Event: 8.681 GC heap before
{Heap before GC invocations=43 (full 10):
 PSYoungGen      total 957440K, used 936492K [0x0000000781800000, 0x00000007bfd80000, 0x00000007c0000000)
  eden space 893440K, 100% used [0x0000000781800000,0x00000007b8080000,0x00000007b8080000)
  from space 64000K, 67% used [0x00000007bbf00000,0x00000007be90b180,0x00000007bfd80000)
  to   space 64000K, 0% used [0x00000007b8080000,0x00000007b8080000,0x00000007bbf00000)
 ParOldGen       total 893440K, used 793948K [0x0000000704800000, 0x000000073b080000, 0x0000000781800000)
  object space 893440K, 88% used [0x0000000704800000,0x0000000734f57130,0x000000073b080000)
 Metaspace       used 2612K, capacity 4562K, committed 4864K, reserved 1056768K
  class space    used 274K, capacity 386K, committed 512K, reserved 1048576K
Event: 8.714 GC heap after
Heap after GC invocations=43 (full 10):
 PSYoungGen      total 957440K, used 41841K [0x0000000781800000, 0x00000007bfd00000, 0x00000007c0000000)
  eden space 893440K, 0% used [0x0000000781800000,0x0000000781800000,0x00000007b8080000)
  from space 64000K, 65% used [0x00000007b8080000,0x00000007ba95c6b0,0x00000007bbf00000)
  to   space 62464K, 0% used [0x00000007bc000000,0x00000007bc000000,0x00000007bfd00000)
 ParOldGen       total 893440K, used 832870K [0x0000000704800000, 0x000000073b080000, 0x0000000781800000)
  object space 893440K, 93% used [0x0000000704800000,0x00000007375598b0,0x000000073b080000)
 Metaspace       used 2612K, capacity 4562K, committed 4864K, reserved 1056768K
  class space    used 274K, capacity 386K, committed 512K, reserved 1048576K
}
Event: 8.714 GC heap before
{Heap before GC invocations=44 (full 11):
 PSYoungGen      total 957440K, used 41841K [0x0000000781800000, 0x00000007bfd00000, 0x00000007c0000000)
  eden space 893440K, 0% used [0x0000000781800000,0x0000000781800000,0x00000007b8080000)
  from space 64000K, 65% used [0x00000007b8080000,0x00000007ba95c6b0,0x00000007bbf00000)
  to   space 62464K, 0% used [0x00000007bc000000,0x00000007bc000000,0x00000007bfd00000)
 ParOldGen       total 893440K, used 832870K [0x0000000704800000, 0x000000073b080000, 0x0000000781800000)
  object space 893440K, 93% used [0x0000000704800000,0x00000007375598b0,0x000000073b080000)
 Metaspace       used 2612K, capacity 4562K, committed 4864K, reserved 1056768K
  class space    used 274K, capacity 386K, committed 512K, reserved 1048576K
Event: 8.789 GC heap after
Heap after GC invocations=44 (full 11):
 PSYoungGen      total 957440K, used 0K [0x0000000781800000, 0x00000007bfd00000, 0x00000007c0000000)
  eden space 893440K, 0% used [0x0000000781800000,0x0000000781800000,0x00000007b8080000)
  from space 64000K, 0% used [0x00000007b8080000,0x00000007b8080000,0x00000007bbf00000)
  to   space 62464K, 0% used [0x00000007bc000000,0x00000007bc000000,0x00000007bfd00000)
 ParOldGen       total 1021440K, used 868936K [0x0000000704800000, 0x0000000742d80000, 0x0000000781800000)
  object space 1021440K, 85% used [0x0000000704800000,0x00000007398921a8,0x0000000742d80000)
 Metaspace       used 2612K, capacity 4562K, committed 4864K, reserved 1056768K
  class space    used 274K, capacity 386K, committed 512K, reserved 1048576K
}
Event: 9.430 GC heap before
{Heap before GC invocations=45 (full 11):
 PSYoungGen      total 957440K, used 893440K [0x0000000781800000, 0x00000007bfd00000, 0x00000007c0000000)
  eden space 893440K, 100% used [0x0000000781800000,0x00000007b8080000,0x00000007b8080000)
  from space 64000K, 0% used [0x00000007b8080000,0x00000007b8080000,0x00000007bbf00000)
  to   space 62464K, 0% used [0x00000007bc000000,0x00000007bc000000,0x00000007bfd00000)
 ParOldGen       total 1021440K, used 868936K [0x0000000704800000, 0x0000000742d80000, 0x0000000781800000)
  object space 1021440K, 85% used [0x0000000704800000,0x00000007398921a8,0x0000000742d80000)
 Metaspace       used 2633K, capacity 4562K, committed 4864K, reserved 1056768K
  class space    used 274K, capacity 386K, committed 512K, reserved 1048576K
Event: 10.581 GC heap after
Heap after GC invocations=45 (full 11):
 PSYoungGen      total 913408K, used 62447K [0x0000000781800000, 0x00000007c0000000, 0x00000007c0000000)
  eden space 850944K, 0% used [0x0000000781800000,0x0000000781800000,0x00000007b5700000)
  from space 62464K, 99% used [0x00000007bc000000,0x00000007bfcfbcd8,0x00000007bfd00000)
  to   space 86528K, 0% used [0x00000007b5700000,0x00000007b5700000,0x00000007bab80000)
 ParOldGen       total 1021440K, used 916565K [0x0000000704800000, 0x0000000742d80000, 0x0000000781800000)
  object space 1021440K, 89% used [0x0000000704800000,0x000000073c715680,0x0000000742d80000)
 Metaspace       used 2633K, capacity 4562K, committed 4864K, reserved 1056768K
  class space    used 274K, capacity 386K, committed 512K, reserved 1048576K
}
Event: 10.965 GC heap before
{Heap before GC invocations=46 (full 11):
 PSYoungGen      total 913408K, used 913391K [0x0000000781800000, 0x00000007c0000000, 0x00000007c0000000)
  eden space 850944K, 100% used [0x0000000781800000,0x00000007b5700000,0x00000007b5700000)
  from space 62464K, 99% used [0x00000007bc000000,0x00000007bfcfbcd8,0x00000007bfd00000)
  to   space 86528K, 0% used [0x00000007b5700000,0x00000007b5700000,0x00000007bab80000)
 ParOldGen       total 1021440K, used 916565K [0x0000000704800000, 0x0000000742d80000, 0x0000000781800000)
  object space 1021440K, 89% used [0x0000000704800000,0x000000073c715680,0x0000000742d80000)
 Metaspace       used 2633K, capacity 4562K, committed 4864K, reserved 1056768K
  class space    used 274K, capacity 386K, committed 512K, reserved 1048576K
Event: 11.055 GC heap after
Heap after GC invocations=46 (full 11):
 PSYoungGen      total 937472K, used 86517K [0x0000000781800000, 0x00000007c0000000, 0x00000007c0000000)
  eden space 850944K, 0% used [0x0000000781800000,0x0000000781800000,0x00000007b5700000)
  from space 86528K, 99% used [0x00000007b5700000,0x00000007bab7d758,0x00000007bab80000)
  to   space 86528K, 0% used [0x00000007bab80000,0x00000007bab80000,0x00000007c0000000)
 ParOldGen       total 1062400K, used 1062006K [0x0000000704800000, 0x0000000745580000, 0x0000000781800000)
  object space 1062400K, 99% used [0x0000000704800000,0x000000074551d840,0x0000000745580000)
 Metaspace       used 2633K, capacity 4562K, committed 4864K, reserved 1056768K
  class space    used 274K, capacity 386K, committed 512K, reserved 1048576K
}
Event: 11.055 GC heap before
{Heap before GC invocations=47 (full 12):
 PSYoungGen      total 937472K, used 86517K [0x0000000781800000, 0x00000007c0000000, 0x00000007c0000000)
  eden space 850944K, 0% used [0x0000000781800000,0x0000000781800000,0x00000007b5700000)
  from space 86528K, 99% used [0x00000007b5700000,0x00000007bab7d758,0x00000007bab80000)
  to   space 86528K, 0% used [0x00000007bab80000,0x00000007bab80000,0x00000007c0000000)
 ParOldGen       total 1062400K, used 1062006K [0x0000000704800000, 0x0000000745580000, 0x0000000781800000)
  object space 1062400K, 99% used [0x0000000704800000,0x000000074551d840,0x0000000745580000)
 Metaspace       used 2633K, capacity 4562K, committed 4864K, reserved 1056768K
  class space    used 274K, capacity 386K, committed 512K, reserved 1048576K

