# JRE version: Java(TM) SE Runtime Environment (8.0_101-b13) (build 1.8.0_101-b13)
# Java VM: Java HotSpot(TM) 64-Bit Server VM (25.101-b13 mixed mode linux-amd64 compressed oops)
Heap:
 PSYoungGen      total 583168K, used 82372K [0x00000000d5580000, 0x0000000100000000, 0x0000000100000000)
  eden space 572928K, 14% used [0x00000000d5580000,0x00000000da5f12b8,0x00000000f8500000)
  from space 10240K, 0% used [0x00000000ff600000,0x00000000ff600000,0x0000000100000000)
  to   space 62976K, 0% used [0x00000000f8500000,0x00000000f8500000,0x00000000fc280000)
 ParOldGen       total 688128K, used 687953K [0x0000000080000000, 0x00000000aa000000, 0x00000000d5580000)
  object space 688128K, 99% used [0x0000000080000000,0x00000000a9fd4620,0x00000000aa000000)
 Metaspace       used 7228K, capacity 7318K, committed 7424K, reserved 1056768K
  class space    used 714K, capacity 753K, committed 768K, reserved 1048576K
GC Heap History (10 events):
Event: 168.070 GC heap after
Heap after GC invocations=555 (full 7):
 PSYoungGen      total 687104K, used 8700K [0x00000000d5580000, 0x0000000100000000, 0x0000000100000000)
  eden space 678400K, 0% used [0x00000000d5580000,0x00000000d5580000,0x00000000fec00000)
  from space 8704K, 99% used [0x00000000ff780000,0x00000000fffff390,0x0000000100000000)
  to   space 10240K, 0% used [0x00000000fec00000,0x00000000fec00000,0x00000000ff600000)
 ParOldGen       total 602624K, used 477139K [0x0000000080000000, 0x00000000a4c80000, 0x00000000d5580000)
  object space 602624K, 79% used [0x0000000080000000,0x000000009d1f4c68,0x00000000a4c80000)
 Metaspace       used 7228K, capacity 7318K, committed 7424K, reserved 1056768K
  class space    used 714K, capacity 753K, committed 768K, reserved 1048576K
}
Event: 168.390 GC heap before
{Heap before GC invocations=556 (full 7):
 PSYoungGen      total 687104K, used 687100K [0x00000000d5580000, 0x0000000100000000, 0x0000000100000000)
  eden space 678400K, 100% used [0x00000000d5580000,0x00000000fec00000,0x00000000fec00000)
  from space 8704K, 99% used [0x00000000ff780000,0x00000000fffff390,0x0000000100000000)
  to   space 10240K, 0% used [0x00000000fec00000,0x00000000fec00000,0x00000000ff600000)
 ParOldGen       total 602624K, used 477139K [0x0000000080000000, 0x00000000a4c80000, 0x00000000d5580000)
  object space 602624K, 79% used [0x0000000080000000,0x000000009d1f4c68,0x00000000a4c80000)
 Metaspace       used 7228K, capacity 7318K, committed 7424K, reserved 1056768K
  class space    used 714K, capacity 753K, committed 768K, reserved 1048576K
Event: 168.397 GC heap after
Heap after GC invocations=556 (full 7):
 PSYoungGen      total 688640K, used 10208K [0x00000000d5580000, 0x0000000100000000, 0x0000000100000000)
  eden space 678400K, 0% used [0x00000000d5580000,0x00000000d5580000,0x00000000fec00000)
  from space 10240K, 99% used [0x00000000fec00000,0x00000000ff5f80e0,0x00000000ff600000)
  to   space 10240K, 0% used [0x00000000ff600000,0x00000000ff600000,0x0000000100000000)
 ParOldGen       total 602624K, used 483752K [0x0000000080000000, 0x00000000a4c80000, 0x00000000d5580000)
  object space 602624K, 80% used [0x0000000080000000,0x000000009d86a288,0x00000000a4c80000)
 Metaspace       used 7228K, capacity 7318K, committed 7424K, reserved 1056768K
  class space    used 714K, capacity 753K, committed 768K, reserved 1048576K
}
Event: 168.683 GC heap before
{Heap before GC invocations=557 (full 7):
 PSYoungGen      total 688640K, used 688608K [0x00000000d5580000, 0x0000000100000000, 0x0000000100000000)
  eden space 678400K, 100% used [0x00000000d5580000,0x00000000fec00000,0x00000000fec00000)
  from space 10240K, 99% used [0x00000000fec00000,0x00000000ff5f80e0,0x00000000ff600000)
  to   space 10240K, 0% used [0x00000000ff600000,0x00000000ff600000,0x0000000100000000)
 ParOldGen       total 602624K, used 483752K [0x0000000080000000, 0x00000000a4c80000, 0x00000000d5580000)
  object space 602624K, 80% used [0x0000000080000000,0x000000009d86a288,0x00000000a4c80000)
 Metaspace       used 7228K, capacity 7318K, committed 7424K, reserved 1056768K
  class space    used 714K, capacity 753K, committed 768K, reserved 1048576K
Event: 168.746 GC heap after
Heap after GC invocations=557 (full 7):
 PSYoungGen      total 583168K, used 10224K [0x00000000d5580000, 0x0000000100000000, 0x0000000100000000)
  eden space 572928K, 0% used [0x00000000d5580000,0x00000000d5580000,0x00000000f8500000)
  from space 10240K, 99% used [0x00000000ff600000,0x00000000ffffc240,0x0000000100000000)
  to   space 62976K, 0% used [0x00000000f8500000,0x00000000f8500000,0x00000000fc280000)
 ParOldGen       total 614400K, used 614175K [0x0000000080000000, 0x00000000a5800000, 0x00000000d5580000)
  object space 614400K, 99% used [0x0000000080000000,0x00000000a57c7ec8,0x00000000a5800000)
 Metaspace       used 7228K, capacity 7318K, committed 7424K, reserved 1056768K
  class space    used 714K, capacity 753K, committed 768K, reserved 1048576K
}
Event: 168.746 GC heap before
{Heap before GC invocations=558 (full 8):
 PSYoungGen      total 583168K, used 10224K [0x00000000d5580000, 0x0000000100000000, 0x0000000100000000)
  eden space 572928K, 0% used [0x00000000d5580000,0x00000000d5580000,0x00000000f8500000)
  from space 10240K, 99% used [0x00000000ff600000,0x00000000ffffc240,0x0000000100000000)
  to   space 62976K, 0% used [0x00000000f8500000,0x00000000f8500000,0x00000000fc280000)
 ParOldGen       total 614400K, used 614175K [0x0000000080000000, 0x00000000a5800000, 0x00000000d5580000)
  object space 614400K, 99% used [0x0000000080000000,0x00000000a57c7ec8,0x00000000a5800000)
 Metaspace       used 7228K, capacity 7318K, committed 7424K, reserved 1056768K
  class space    used 714K, capacity 753K, committed 768K, reserved 1048576K
Event: 168.878 GC heap after
Heap after GC invocations=558 (full 8):
 PSYoungGen      total 583168K, used 0K [0x00000000d5580000, 0x0000000100000000, 0x0000000100000000)
  eden space 572928K, 0% used [0x00000000d5580000,0x00000000d5580000,0x00000000f8500000)
  from space 10240K, 0% used [0x00000000ff600000,0x00000000ff600000,0x0000000100000000)
  to   space 62976K, 0% used [0x00000000f8500000,0x00000000f8500000,0x00000000fc280000)
 ParOldGen       total 615936K, used 487656K [0x0000000080000000, 0x00000000a5980000, 0x00000000d5580000)
  object space 615936K, 79% used [0x0000000080000000,0x000000009dc3a050,0x00000000a5980000)
 Metaspace       used 7228K, capacity 7318K, committed 7424K, reserved 1056768K
  class space    used 714K, capacity 753K, committed 768K, reserved 1048576K
}
Event: 168.990 GC heap before
{Heap before GC invocations=559 (full 8):
 PSYoungGen      total 583168K, used 572928K [0x00000000d5580000, 0x0000000100000000, 0x0000000100000000)
  eden space 572928K, 100% used [0x00000000d5580000,0x00000000f8500000,0x00000000f8500000)
  from space 10240K, 0% used [0x00000000ff600000,0x00000000ff600000,0x0000000100000000)
  to   space 62976K, 0% used [0x00000000f8500000,0x00000000f8500000,0x00000000fc280000)
 ParOldGen       total 615936K, used 487656K [0x0000000080000000, 0x00000000a5980000, 0x00000000d5580000)
  object space 615936K, 79% used [0x0000000080000000,0x000000009dc3a050,0x00000000a5980000)
 Metaspace       used 7228K, capacity 7318K, committed 7424K, reserved 1056768K
  class space    used 714K, capacity 753K, committed 768K, reserved 1048576K
Event: 169.088 GC heap after
Heap after GC invocations=559 (full 8):
 PSYoungGen      total 583168K, used 572928K [0x00000000d5580000, 0x0000000100000000, 0x0000000100000000)
  eden space 572928K, 100% used [0x00000000d5580000,0x00000000f8500000,0x00000000f8500000)
  from space 10240K, 0% used [0x00000000ff600000,0x00000000ff600000,0x0000000100000000)
  to   space 62976K, 99% used [0x00000000f8500000,0x00000000fc260da0,0x00000000fc280000)
 ParOldGen       total 688128K, used 687826K [0x0000000080000000, 0x00000000aa000000, 0x00000000d5580000)
  object space 688128K, 99% used [0x0000000080000000,0x00000000a9fb4bc0,0x00000000aa000000)
 Metaspace       used 7228K, capacity 7318K, committed 7424K, reserved 1056768K
  class space    used 714K, capacity 753K, committed 768K, reserved 1048576K
}
Event: 169.088 GC heap before
{Heap before GC invocations=560 (full 9):
 PSYoungGen      total 583168K, used 572928K [0x00000000d5580000, 0x0000000100000000, 0x0000000100000000)
  eden space 572928K, 100% used [0x00000000d5580000,0x00000000f8500000,0x00000000f8500000)
  from space 10240K, 0% used [0x00000000ff600000,0x00000000ff600000,0x0000000100000000)
  to   space 62976K, 99% used [0x00000000f8500000,0x00000000fc260da0,0x00000000fc280000)
 ParOldGen       total 688128K, used 687826K [0x0000000080000000, 0x00000000aa000000, 0x00000000d5580000)
  object space 688128K, 99% used [0x0000000080000000,0x00000000a9fb4bc0,0x00000000aa000000)
 Metaspace       used 7228K, capacity 7318K, committed 7424K, reserved 1056768K
  class space    used 714K, capacity 753K, committed 768K, reserved 1048576K

