# JRE version: Java(TM) SE Runtime Environment (8.0_101-b13) (build 1.8.0_101-b13)
# Java VM: Java HotSpot(TM) 64-Bit Server VM (25.101-b13 mixed mode linux-amd64 compressed oops)
Heap:
 PSYoungGen      total 261632K, used 0K [0x00000000eb300000, 0x0000000100000000, 0x0000000100000000)
  eden space 210944K, 0% used [0x00000000eb300000,0x00000000eb300000,0x00000000f8100000)
  from space 50688K, 0% used [0x00000000fce80000,0x00000000fce80000,0x0000000100000000)
  to   space 65024K, 0% used [0x00000000f8100000,0x00000000f8100000,0x00000000fc080000)
 ParOldGen       total 577536K, used 522376K [0x00000000c1800000, 0x00000000e4c00000, 0x00000000eb300000)
  object space 577536K, 90% used [0x00000000c1800000,0x00000000e16223e0,0x00000000e4c00000)
 Metaspace       used 7300K, capacity 7430K, committed 7680K, reserved 1056768K
  class space    used 714K, capacity 753K, committed 768K, reserved 1048576K
GC Heap History (10 events):
Event: 647.134 GC heap after
Heap after GC invocations=4478 (full 11):
 PSYoungGen      total 297472K, used 43510K [0x00000000eb300000, 0x0000000100000000, 0x0000000100000000)
  eden space 253952K, 0% used [0x00000000eb300000,0x00000000eb300000,0x00000000fab00000)
  from space 43520K, 99% used [0x00000000fab00000,0x00000000fd57d8e8,0x00000000fd580000)
  to   space 43520K, 0% used [0x00000000fd580000,0x00000000fd580000,0x0000000100000000)
 ParOldGen       total 496128K, used 495984K [0x00000000c1800000, 0x00000000dfc80000, 0x00000000eb300000)
  object space 496128K, 99% used [0x00000000c1800000,0x00000000dfc5c1f8,0x00000000dfc80000)
 Metaspace       used 7300K, capacity 7430K, committed 7680K, reserved 1056768K
  class space    used 714K, capacity 753K, committed 768K, reserved 1048576K
}
Event: 647.134 GC heap before
{Heap before GC invocations=4479 (full 12):
 PSYoungGen      total 297472K, used 43510K [0x00000000eb300000, 0x0000000100000000, 0x0000000100000000)
  eden space 253952K, 0% used [0x00000000eb300000,0x00000000eb300000,0x00000000fab00000)
  from space 43520K, 99% used [0x00000000fab00000,0x00000000fd57d8e8,0x00000000fd580000)
  to   space 43520K, 0% used [0x00000000fd580000,0x00000000fd580000,0x0000000100000000)
 ParOldGen       total 496128K, used 495984K [0x00000000c1800000, 0x00000000dfc80000, 0x00000000eb300000)
  object space 496128K, 99% used [0x00000000c1800000,0x00000000dfc5c1f8,0x00000000dfc80000)
 Metaspace       used 7300K, capacity 7430K, committed 7680K, reserved 1056768K
  class space    used 714K, capacity 753K, committed 768K, reserved 1048576K
Event: 647.270 GC heap after
Heap after GC invocations=4479 (full 12):
 PSYoungGen      total 297472K, used 0K [0x00000000eb300000, 0x0000000100000000, 0x0000000100000000)
  eden space 253952K, 0% used [0x00000000eb300000,0x00000000eb300000,0x00000000fab00000)
  from space 43520K, 0% used [0x00000000fab00000,0x00000000fab00000,0x00000000fd580000)
  to   space 43520K, 0% used [0x00000000fd580000,0x00000000fd580000,0x0000000100000000)
 ParOldGen       total 577536K, used 430527K [0x00000000c1800000, 0x00000000e4c00000, 0x00000000eb300000)
  object space 577536K, 74% used [0x00000000c1800000,0x00000000dbc6fcc0,0x00000000e4c00000)
 Metaspace       used 7300K, capacity 7430K, committed 7680K, reserved 1056768K
  class space    used 714K, capacity 753K, committed 768K, reserved 1048576K
}
Event: 647.367 GC heap before
{Heap before GC invocations=4480 (full 12):
 PSYoungGen      total 297472K, used 253952K [0x00000000eb300000, 0x0000000100000000, 0x0000000100000000)
  eden space 253952K, 100% used [0x00000000eb300000,0x00000000fab00000,0x00000000fab00000)
  from space 43520K, 0% used [0x00000000fab00000,0x00000000fab00000,0x00000000fd580000)
  to   space 43520K, 0% used [0x00000000fd580000,0x00000000fd580000,0x0000000100000000)
 ParOldGen       total 577536K, used 430527K [0x00000000c1800000, 0x00000000e4c00000, 0x00000000eb300000)
  object space 577536K, 74% used [0x00000000c1800000,0x00000000dbc6fcc0,0x00000000e4c00000)
 Metaspace       used 7300K, capacity 7430K, committed 7680K, reserved 1056768K
  class space    used 714K, capacity 753K, committed 768K, reserved 1048576K
Event: 647.376 GC heap after
Heap after GC invocations=4480 (full 12):
 PSYoungGen      total 283136K, used 29121K [0x00000000eb300000, 0x0000000100000000, 0x0000000100000000)
  eden space 239616K, 0% used [0x00000000eb300000,0x00000000eb300000,0x00000000f9d00000)
  from space 43520K, 66% used [0x00000000fd580000,0x00000000ff1f05c8,0x0000000100000000)
  to   space 50688K, 0% used [0x00000000f9d00000,0x00000000f9d00000,0x00000000fce80000)
 ParOldGen       total 577536K, used 430527K [0x00000000c1800000, 0x00000000e4c00000, 0x00000000eb300000)
  object space 577536K, 74% used [0x00000000c1800000,0x00000000dbc6fcc0,0x00000000e4c00000)
 Metaspace       used 7300K, capacity 7430K, committed 7680K, reserved 1056768K
  class space    used 714K, capacity 753K, committed 768K, reserved 1048576K
}
Event: 647.468 GC heap before
{Heap before GC invocations=4481 (full 12):
 PSYoungGen      total 283136K, used 268737K [0x00000000eb300000, 0x0000000100000000, 0x0000000100000000)
  eden space 239616K, 100% used [0x00000000eb300000,0x00000000f9d00000,0x00000000f9d00000)
  from space 43520K, 66% used [0x00000000fd580000,0x00000000ff1f05c8,0x0000000100000000)
  to   space 50688K, 0% used [0x00000000f9d00000,0x00000000f9d00000,0x00000000fce80000)
 ParOldGen       total 577536K, used 430527K [0x00000000c1800000, 0x00000000e4c00000, 0x00000000eb300000)
  object space 577536K, 74% used [0x00000000c1800000,0x00000000dbc6fcc0,0x00000000e4c00000)
 Metaspace       used 7300K, capacity 7430K, committed 7680K, reserved 1056768K
  class space    used 714K, capacity 753K, committed 768K, reserved 1048576K
Event: 647.482 GC heap after
Heap after GC invocations=4481 (full 12):
 PSYoungGen      total 290304K, used 50594K [0x00000000eb300000, 0x0000000100000000, 0x0000000100000000)
  eden space 239616K, 0% used [0x00000000eb300000,0x00000000eb300000,0x00000000f9d00000)
  from space 50688K, 99% used [0x00000000f9d00000,0x00000000fce68a50,0x00000000fce80000)
  to   space 50688K, 0% used [0x00000000fce80000,0x00000000fce80000,0x0000000100000000)
 ParOldGen       total 577536K, used 438015K [0x00000000c1800000, 0x00000000e4c00000, 0x00000000eb300000)
  object space 577536K, 75% used [0x00000000c1800000,0x00000000dc3bfe60,0x00000000e4c00000)
 Metaspace       used 7300K, capacity 7430K, committed 7680K, reserved 1056768K
  class space    used 714K, capacity 753K, committed 768K, reserved 1048576K
}
Event: 647.554 GC heap before
{Heap before GC invocations=4482 (full 12):
 PSYoungGen      total 290304K, used 290210K [0x00000000eb300000, 0x0000000100000000, 0x0000000100000000)
  eden space 239616K, 100% used [0x00000000eb300000,0x00000000f9d00000,0x00000000f9d00000)
  from space 50688K, 99% used [0x00000000f9d00000,0x00000000fce68a50,0x00000000fce80000)
  to   space 50688K, 0% used [0x00000000fce80000,0x00000000fce80000,0x0000000100000000)
 ParOldGen       total 577536K, used 438015K [0x00000000c1800000, 0x00000000e4c00000, 0x00000000eb300000)
  object space 577536K, 75% used [0x00000000c1800000,0x00000000dc3bfe60,0x00000000e4c00000)
 Metaspace       used 7300K, capacity 7430K, committed 7680K, reserved 1056768K
  class space    used 714K, capacity 753K, committed 768K, reserved 1048576K
Event: 647.667 GC heap after
Heap after GC invocations=4482 (full 12):
 PSYoungGen      total 261632K, used 50562K [0x00000000eb300000, 0x0000000100000000, 0x0000000100000000)
  eden space 210944K, 0% used [0x00000000eb300000,0x00000000eb300000,0x00000000f8100000)
  from space 50688K, 99% used [0x00000000fce80000,0x00000000fffe0ae0,0x0000000100000000)
  to   space 65024K, 0% used [0x00000000f8100000,0x00000000f8100000,0x00000000fc080000)
 ParOldGen       total 577536K, used 568486K [0x00000000c1800000, 0x00000000e4c00000, 0x00000000eb300000)
  object space 577536K, 98% used [0x00000000c1800000,0x00000000e4329ab0,0x00000000e4c00000)
 Metaspace       used 7300K, capacity 7430K, committed 7680K, reserved 1056768K
  class space    used 714K, capacity 753K, committed 768K, reserved 1048576K
}
Event: 647.667 GC heap before
{Heap before GC invocations=4483 (full 13):
 PSYoungGen      total 261632K, used 50562K [0x00000000eb300000, 0x0000000100000000, 0x0000000100000000)
  eden space 210944K, 0% used [0x00000000eb300000,0x00000000eb300000,0x00000000f8100000)
  from space 50688K, 99% used [0x00000000fce80000,0x00000000fffe0ae0,0x0000000100000000)
  to   space 65024K, 0% used [0x00000000f8100000,0x00000000f8100000,0x00000000fc080000)
 ParOldGen       total 577536K, used 568486K [0x00000000c1800000, 0x00000000e4c00000, 0x00000000eb300000)
  object space 577536K, 98% used [0x00000000c1800000,0x00000000e4329ab0,0x00000000e4c00000)
 Metaspace       used 7300K, capacity 7430K, committed 7680K, reserved 1056768K
  class space    used 714K, capacity 753K, committed 768K, reserved 1048576K

