# JRE version: Java(TM) SE Runtime Environment (8.0_101-b13) (build 1.8.0_101-b13)
# Java VM: Java HotSpot(TM) 64-Bit Server VM (25.101-b13 mixed mode linux-amd64 compressed oops)
Heap:
 PSYoungGen      total 419840K, used 0K [0x00000000e0c00000, 0x0000000100000000, 0x0000000100000000)
  eden space 327680K, 0% used [0x00000000e0c00000,0x00000000e0c00000,0x00000000f4c00000)
  from space 92160K, 0% used [0x00000000f4c00000,0x00000000f4c00000,0x00000000fa600000)
  to   space 90624K, 0% used [0x00000000fa780000,0x00000000fa780000,0x0000000100000000)
 ParOldGen       total 702976K, used 660859K [0x00000000a2400000, 0x00000000cd280000, 0x00000000e0c00000)
  object space 702976K, 94% used [0x00000000a2400000,0x00000000ca95ed40,0x00000000cd280000)
 Metaspace       used 7316K, capacity 7446K, committed 7680K, reserved 1056768K
  class space    used 715K, capacity 753K, committed 768K, reserved 1048576K
GC Heap History (10 events):
Event: 1037.031 GC heap after
Heap after GC invocations=3550 (full 21):
 PSYoungGen      total 376320K, used 4576K [0x00000000e0c00000, 0x0000000100000000, 0x0000000100000000)
  eden space 371712K, 0% used [0x00000000e0c00000,0x00000000e0c00000,0x00000000f7700000)
  from space 4608K, 99% used [0x00000000ffb80000,0x00000000ffff82a0,0x0000000100000000)
  to   space 70144K, 0% used [0x00000000f7700000,0x00000000f7700000,0x00000000fbb80000)
 ParOldGen       total 530944K, used 530459K [0x00000000a2400000, 0x00000000c2a80000, 0x00000000e0c00000)
  object space 530944K, 99% used [0x00000000a2400000,0x00000000c2a06eb0,0x00000000c2a80000)
 Metaspace       used 7315K, capacity 7446K, committed 7680K, reserved 1056768K
  class space    used 715K, capacity 753K, committed 768K, reserved 1048576K
}
Event: 1037.031 GC heap before
{Heap before GC invocations=3551 (full 22):
 PSYoungGen      total 376320K, used 4576K [0x00000000e0c00000, 0x0000000100000000, 0x0000000100000000)
  eden space 371712K, 0% used [0x00000000e0c00000,0x00000000e0c00000,0x00000000f7700000)
  from space 4608K, 99% used [0x00000000ffb80000,0x00000000ffff82a0,0x0000000100000000)
  to   space 70144K, 0% used [0x00000000f7700000,0x00000000f7700000,0x00000000fbb80000)
 ParOldGen       total 530944K, used 530459K [0x00000000a2400000, 0x00000000c2a80000, 0x00000000e0c00000)
  object space 530944K, 99% used [0x00000000a2400000,0x00000000c2a06eb0,0x00000000c2a80000)
 Metaspace       used 7315K, capacity 7446K, committed 7680K, reserved 1056768K
  class space    used 715K, capacity 753K, committed 768K, reserved 1048576K
Event: 1037.181 GC heap after
Heap after GC invocations=3551 (full 22):
 PSYoungGen      total 376320K, used 0K [0x00000000e0c00000, 0x0000000100000000, 0x0000000100000000)
  eden space 371712K, 0% used [0x00000000e0c00000,0x00000000e0c00000,0x00000000f7700000)
  from space 4608K, 0% used [0x00000000ffb80000,0x00000000ffb80000,0x0000000100000000)
  to   space 70144K, 0% used [0x00000000f7700000,0x00000000f7700000,0x00000000fbb80000)
 ParOldGen       total 702976K, used 474461K [0x00000000a2400000, 0x00000000cd280000, 0x00000000e0c00000)
  object space 702976K, 67% used [0x00000000a2400000,0x00000000bf3577a0,0x00000000cd280000)
 Metaspace       used 7315K, capacity 7446K, committed 7680K, reserved 1056768K
  class space    used 715K, capacity 753K, committed 768K, reserved 1048576K
}
Event: 1037.779 GC heap before
{Heap before GC invocations=3552 (full 22):
 PSYoungGen      total 376320K, used 371712K [0x00000000e0c00000, 0x0000000100000000, 0x0000000100000000)
  eden space 371712K, 100% used [0x00000000e0c00000,0x00000000f7700000,0x00000000f7700000)
  from space 4608K, 0% used [0x00000000ffb80000,0x00000000ffb80000,0x0000000100000000)
  to   space 70144K, 0% used [0x00000000f7700000,0x00000000f7700000,0x00000000fbb80000)
 ParOldGen       total 702976K, used 474461K [0x00000000a2400000, 0x00000000cd280000, 0x00000000e0c00000)
  object space 702976K, 67% used [0x00000000a2400000,0x00000000bf3577a0,0x00000000cd280000)
 Metaspace       used 7316K, capacity 7446K, committed 7680K, reserved 1056768K
  class space    used 715K, capacity 753K, committed 768K, reserved 1048576K
Event: 1037.808 GC heap after
Heap after GC invocations=3552 (full 22):
 PSYoungGen      total 441856K, used 70085K [0x00000000e0c00000, 0x0000000100000000, 0x0000000100000000)
  eden space 371712K, 0% used [0x00000000e0c00000,0x00000000e0c00000,0x00000000f7700000)
  from space 70144K, 99% used [0x00000000f7700000,0x00000000fbb71438,0x00000000fbb80000)
  to   space 70144K, 0% used [0x00000000fbb80000,0x00000000fbb80000,0x0000000100000000)
 ParOldGen       total 702976K, used 526621K [0x00000000a2400000, 0x00000000cd280000, 0x00000000e0c00000)
  object space 702976K, 74% used [0x00000000a2400000,0x00000000c26476b8,0x00000000cd280000)
 Metaspace       used 7316K, capacity 7446K, committed 7680K, reserved 1056768K
  class space    used 715K, capacity 753K, committed 768K, reserved 1048576K
}
Event: 1038.474 GC heap before
{Heap before GC invocations=3553 (full 22):
 PSYoungGen      total 441856K, used 441797K [0x00000000e0c00000, 0x0000000100000000, 0x0000000100000000)
  eden space 371712K, 100% used [0x00000000e0c00000,0x00000000f7700000,0x00000000f7700000)
  from space 70144K, 99% used [0x00000000f7700000,0x00000000fbb71438,0x00000000fbb80000)
  to   space 70144K, 0% used [0x00000000fbb80000,0x00000000fbb80000,0x0000000100000000)
 ParOldGen       total 702976K, used 526621K [0x00000000a2400000, 0x00000000cd280000, 0x00000000e0c00000)
  object space 702976K, 74% used [0x00000000a2400000,0x00000000c26476b8,0x00000000cd280000)
 Metaspace       used 7316K, capacity 7446K, committed 7680K, reserved 1056768K
  class space    used 715K, capacity 753K, committed 768K, reserved 1048576K
Event: 1038.811 GC heap after
Heap after GC invocations=3553 (full 22):
 PSYoungGen      total 397824K, used 64507K [0x00000000e0c00000, 0x0000000100000000, 0x0000000100000000)
  eden space 327680K, 0% used [0x00000000e0c00000,0x00000000e0c00000,0x00000000f4c00000)
  from space 70144K, 91% used [0x00000000fbb80000,0x00000000ffa7ed78,0x0000000100000000)
  to   space 92160K, 0% used [0x00000000f4c00000,0x00000000f4c00000,0x00000000fa600000)
 ParOldGen       total 702976K, used 596566K [0x00000000a2400000, 0x00000000cd280000, 0x00000000e0c00000)
  object space 702976K, 84% used [0x00000000a2400000,0x00000000c6a958c8,0x00000000cd280000)
 Metaspace       used 7316K, capacity 7446K, committed 7680K, reserved 1056768K
  class space    used 715K, capacity 753K, committed 768K, reserved 1048576K
}
Event: 1039.435 GC heap before
{Heap before GC invocations=3554 (full 22):
 PSYoungGen      total 397824K, used 392187K [0x00000000e0c00000, 0x0000000100000000, 0x0000000100000000)
  eden space 327680K, 100% used [0x00000000e0c00000,0x00000000f4c00000,0x00000000f4c00000)
  from space 70144K, 91% used [0x00000000fbb80000,0x00000000ffa7ed78,0x0000000100000000)
  to   space 92160K, 0% used [0x00000000f4c00000,0x00000000f4c00000,0x00000000fa600000)
 ParOldGen       total 702976K, used 596566K [0x00000000a2400000, 0x00000000cd280000, 0x00000000e0c00000)
  object space 702976K, 84% used [0x00000000a2400000,0x00000000c6a958c8,0x00000000cd280000)
 Metaspace       used 7316K, capacity 7446K, committed 7680K, reserved 1056768K
  class space    used 715K, capacity 753K, committed 768K, reserved 1048576K
Event: 1039.617 GC heap after
Heap after GC invocations=3554 (full 22):
 PSYoungGen      total 419840K, used 140K [0x00000000e0c00000, 0x0000000100000000, 0x0000000100000000)
  eden space 327680K, 0% used [0x00000000e0c00000,0x00000000e0c00000,0x00000000f4c00000)
  from space 92160K, 0% used [0x00000000f4c00000,0x00000000f4c23188,0x00000000fa600000)
  to   space 90624K, 0% used [0x00000000fa780000,0x00000000fa780000,0x0000000100000000)
 ParOldGen       total 702976K, used 661049K [0x00000000a2400000, 0x00000000cd280000, 0x00000000e0c00000)
  object space 702976K, 94% used [0x00000000a2400000,0x00000000ca98e660,0x00000000cd280000)
 Metaspace       used 7316K, capacity 7446K, committed 7680K, reserved 1056768K
  class space    used 715K, capacity 753K, committed 768K, reserved 1048576K
}
Event: 1039.617 GC heap before
{Heap before GC invocations=3555 (full 23):
 PSYoungGen      total 419840K, used 140K [0x00000000e0c00000, 0x0000000100000000, 0x0000000100000000)
  eden space 327680K, 0% used [0x00000000e0c00000,0x00000000e0c00000,0x00000000f4c00000)
  from space 92160K, 0% used [0x00000000f4c00000,0x00000000f4c23188,0x00000000fa600000)
  to   space 90624K, 0% used [0x00000000fa780000,0x00000000fa780000,0x0000000100000000)
 ParOldGen       total 702976K, used 661049K [0x00000000a2400000, 0x00000000cd280000, 0x00000000e0c00000)
  object space 702976K, 94% used [0x00000000a2400000,0x00000000ca98e660,0x00000000cd280000)
 Metaspace       used 7316K, capacity 7446K, committed 7680K, reserved 1056768K
  class space    used 715K, capacity 753K, committed 768K, reserved 1048576K

