# JRE version: Java(TM) SE Runtime Environment (8.0_101-b13) (build 1.8.0_101-b13)
# Java VM: Java HotSpot(TM) 64-Bit Server VM (25.101-b13 mixed mode linux-amd64 compressed oops)
Heap:
 PSYoungGen      total 220672K, used 85280K [0x00000000eb780000, 0x0000000100000000, 0x0000000100000000)
  eden space 112128K, 0% used [0x00000000eb780000,0x00000000eb780000,0x00000000f2500000)
  from space 108544K, 78% used [0x00000000f9600000,0x00000000fe948010,0x0000000100000000)
  to   space 112128K, 0% used [0x00000000f2500000,0x00000000f2500000,0x00000000f9280000)
 ParOldGen       total 258560K, used 258512K [0x00000000c2600000, 0x00000000d2280000, 0x00000000eb780000)
  object space 258560K, 99% used [0x00000000c2600000,0x00000000d22743a0,0x00000000d2280000)
 Metaspace       used 6830K, capacity 6894K, committed 7168K, reserved 1056768K
  class space    used 696K, capacity 721K, committed 768K, reserved 1048576K
GC Heap History (10 events):
Event: 24.314 GC heap after
Heap after GC invocations=9 (full 2):
 PSYoungGen      total 155648K, used 38697K [0x00000000eb780000, 0x0000000100000000, 0x0000000100000000)
  eden space 114688K, 0% used [0x00000000eb780000,0x00000000eb780000,0x00000000f2780000)
  from space 40960K, 94% used [0x00000000f2780000,0x00000000f4d4a618,0x00000000f4f80000)
  to   space 78848K, 0% used [0x00000000fb300000,0x00000000fb300000,0x0000000100000000)
 ParOldGen       total 170496K, used 96244K [0x00000000c2600000, 0x00000000ccc80000, 0x00000000eb780000)
  object space 170496K, 56% used [0x00000000c2600000,0x00000000c83fd100,0x00000000ccc80000)
 Metaspace       used 6830K, capacity 6894K, committed 7168K, reserved 1056768K
  class space    used 696K, capacity 721K, committed 768K, reserved 1048576K
}
Event: 24.404 GC heap before
{Heap before GC invocations=10 (full 2):
 PSYoungGen      total 155648K, used 153385K [0x00000000eb780000, 0x0000000100000000, 0x0000000100000000)
  eden space 114688K, 100% used [0x00000000eb780000,0x00000000f2780000,0x00000000f2780000)
  from space 40960K, 94% used [0x00000000f2780000,0x00000000f4d4a618,0x00000000f4f80000)
  to   space 78848K, 0% used [0x00000000fb300000,0x00000000fb300000,0x0000000100000000)
 ParOldGen       total 170496K, used 96244K [0x00000000c2600000, 0x00000000ccc80000, 0x00000000eb780000)
  object space 170496K, 56% used [0x00000000c2600000,0x00000000c83fd100,0x00000000ccc80000)
 Metaspace       used 6830K, capacity 6894K, committed 7168K, reserved 1056768K
  class space    used 696K, capacity 721K, committed 768K, reserved 1048576K
Event: 24.579 GC heap after
Heap after GC invocations=10 (full 2):
 PSYoungGen      total 200192K, used 78845K [0x00000000eb780000, 0x0000000100000000, 0x0000000100000000)
  eden space 121344K, 0% used [0x00000000eb780000,0x00000000eb780000,0x00000000f2e00000)
  from space 78848K, 99% used [0x00000000fb300000,0x00000000fffff568,0x0000000100000000)
  to   space 107520K, 0% used [0x00000000f2e00000,0x00000000f2e00000,0x00000000f9700000)
 ParOldGen       total 170496K, used 125076K [0x00000000c2600000, 0x00000000ccc80000, 0x00000000eb780000)
  object space 170496K, 73% used [0x00000000c2600000,0x00000000ca025100,0x00000000ccc80000)
 Metaspace       used 6830K, capacity 6894K, committed 7168K, reserved 1056768K
  class space    used 696K, capacity 721K, committed 768K, reserved 1048576K
}
Event: 24.579 GC heap before
{Heap before GC invocations=11 (full 3):
 PSYoungGen      total 200192K, used 78845K [0x00000000eb780000, 0x0000000100000000, 0x0000000100000000)
  eden space 121344K, 0% used [0x00000000eb780000,0x00000000eb780000,0x00000000f2e00000)
  from space 78848K, 99% used [0x00000000fb300000,0x00000000fffff568,0x0000000100000000)
  to   space 107520K, 0% used [0x00000000f2e00000,0x00000000f2e00000,0x00000000f9700000)
 ParOldGen       total 170496K, used 125076K [0x00000000c2600000, 0x00000000ccc80000, 0x00000000eb780000)
  object space 170496K, 73% used [0x00000000c2600000,0x00000000ca025100,0x00000000ccc80000)
 Metaspace       used 6830K, capacity 6894K, committed 7168K, reserved 1056768K
  class space    used 696K, capacity 721K, committed 768K, reserved 1048576K
Event: 24.947 GC heap after
Heap after GC invocations=11 (full 3):
 PSYoungGen      total 200192K, used 31168K [0x00000000eb780000, 0x0000000100000000, 0x0000000100000000)
  eden space 121344K, 0% used [0x00000000eb780000,0x00000000eb780000,0x00000000f2e00000)
  from space 78848K, 39% used [0x00000000fb300000,0x00000000fd170138,0x0000000100000000)
  to   space 107520K, 0% used [0x00000000f2e00000,0x00000000f2e00000,0x00000000f9700000)
 ParOldGen       total 258560K, used 170155K [0x00000000c2600000, 0x00000000d2280000, 0x00000000eb780000)
  object space 258560K, 65% used [0x00000000c2600000,0x00000000ccc2ae80,0x00000000d2280000)
 Metaspace       used 6830K, capacity 6894K, committed 7168K, reserved 1056768K
  class space    used 696K, capacity 721K, committed 768K, reserved 1048576K
}
Event: 25.066 GC heap before
{Heap before GC invocations=12 (full 3):
 PSYoungGen      total 200192K, used 152512K [0x00000000eb780000, 0x0000000100000000, 0x0000000100000000)
  eden space 121344K, 100% used [0x00000000eb780000,0x00000000f2e00000,0x00000000f2e00000)
  from space 78848K, 39% used [0x00000000fb300000,0x00000000fd170138,0x0000000100000000)
  to   space 107520K, 0% used [0x00000000f2e00000,0x00000000f2e00000,0x00000000f9700000)
 ParOldGen       total 258560K, used 170155K [0x00000000c2600000, 0x00000000d2280000, 0x00000000eb780000)
  object space 258560K, 65% used [0x00000000c2600000,0x00000000ccc2ae80,0x00000000d2280000)
 Metaspace       used 6830K, capacity 6894K, committed 7168K, reserved 1056768K
  class space    used 696K, capacity 721K, committed 768K, reserved 1048576K
Event: 25.161 GC heap after
Heap after GC invocations=12 (full 3):
 PSYoungGen      total 227840K, used 106028K [0x00000000eb780000, 0x0000000100000000, 0x0000000100000000)
  eden space 121344K, 0% used [0x00000000eb780000,0x00000000eb780000,0x00000000f2e00000)
  from space 106496K, 99% used [0x00000000f2e00000,0x00000000f958b010,0x00000000f9600000)
  to   space 108544K, 0% used [0x00000000f9600000,0x00000000f9600000,0x0000000100000000)
 ParOldGen       total 258560K, used 170155K [0x00000000c2600000, 0x00000000d2280000, 0x00000000eb780000)
  object space 258560K, 65% used [0x00000000c2600000,0x00000000ccc2ae80,0x00000000d2280000)
 Metaspace       used 6830K, capacity 6894K, committed 7168K, reserved 1056768K
  class space    used 696K, capacity 721K, committed 768K, reserved 1048576K
}
Event: 25.278 GC heap before
{Heap before GC invocations=13 (full 3):
 PSYoungGen      total 227840K, used 227372K [0x00000000eb780000, 0x0000000100000000, 0x0000000100000000)
  eden space 121344K, 100% used [0x00000000eb780000,0x00000000f2e00000,0x00000000f2e00000)
  from space 106496K, 99% used [0x00000000f2e00000,0x00000000f958b010,0x00000000f9600000)
  to   space 108544K, 0% used [0x00000000f9600000,0x00000000f9600000,0x0000000100000000)
 ParOldGen       total 258560K, used 170155K [0x00000000c2600000, 0x00000000d2280000, 0x00000000eb780000)
  object space 258560K, 65% used [0x00000000c2600000,0x00000000ccc2ae80,0x00000000d2280000)
 Metaspace       used 6830K, capacity 6894K, committed 7168K, reserved 1056768K
  class space    used 696K, capacity 721K, committed 768K, reserved 1048576K
Event: 25.397 GC heap after
Heap after GC invocations=13 (full 3):
 PSYoungGen      total 220672K, used 108530K [0x00000000eb780000, 0x0000000100000000, 0x0000000100000000)
  eden space 112128K, 0% used [0x00000000eb780000,0x00000000eb780000,0x00000000f2500000)
  from space 108544K, 99% used [0x00000000f9600000,0x00000000ffffc808,0x0000000100000000)
  to   space 112128K, 0% used [0x00000000f2500000,0x00000000f2500000,0x00000000f9280000)
 ParOldGen       total 258560K, used 239363K [0x00000000c2600000, 0x00000000d2280000, 0x00000000eb780000)
  object space 258560K, 92% used [0x00000000c2600000,0x00000000d0fc0e80,0x00000000d2280000)
 Metaspace       used 6830K, capacity 6894K, committed 7168K, reserved 1056768K
  class space    used 696K, capacity 721K, committed 768K, reserved 1048576K
}
Event: 25.398 GC heap before
{Heap before GC invocations=14 (full 4):
 PSYoungGen      total 220672K, used 108530K [0x00000000eb780000, 0x0000000100000000, 0x0000000100000000)
  eden space 112128K, 0% used [0x00000000eb780000,0x00000000eb780000,0x00000000f2500000)
  from space 108544K, 99% used [0x00000000f9600000,0x00000000ffffc808,0x0000000100000000)
  to   space 112128K, 0% used [0x00000000f2500000,0x00000000f2500000,0x00000000f9280000)
 ParOldGen       total 258560K, used 239363K [0x00000000c2600000, 0x00000000d2280000, 0x00000000eb780000)
  object space 258560K, 92% used [0x00000000c2600000,0x00000000d0fc0e80,0x00000000d2280000)
 Metaspace       used 6830K, capacity 6894K, committed 7168K, reserved 1056768K
  class space    used 696K, capacity 721K, committed 768K, reserved 1048576K

