# JRE version: Java(TM) SE Runtime Environment (8.0_101-b13) (build 1.8.0_101-b13)
# Java VM: Java HotSpot(TM) 64-Bit Server VM (25.101-b13 mixed mode linux-amd64 compressed oops)
Heap:
 PSYoungGen      total 919040K, used 0K [0x0000000781800000, 0x00000007c0000000, 0x00000007c0000000)
  eden space 902144K, 0% used [0x0000000781800000,0x0000000781800000,0x00000007b8900000)
  from space 16896K, 0% used [0x00000007bef80000,0x00000007bef80000,0x00000007c0000000)
  to   space 60928K, 0% used [0x00000007b8900000,0x00000007b8900000,0x00000007bc480000)
 ParOldGen       total 610304K, used 565581K [0x0000000704800000, 0x0000000729c00000, 0x0000000781800000)
  object space 610304K, 92% used [0x0000000704800000,0x0000000727053648,0x0000000729c00000)
 Metaspace       used 7282K, capacity 7434K, committed 7680K, reserved 1056768K
  class space    used 714K, capacity 753K, committed 768K, reserved 1048576K
GC Heap History (10 events):
Event: 635.087 GC heap after
Heap after GC invocations=1481 (full 9):
 PSYoungGen      total 1000448K, used 10218K [0x0000000781800000, 0x00000007c0000000, 0x00000007c0000000)
  eden space 990208K, 0% used [0x0000000781800000,0x0000000781800000,0x00000007bdf00000)
  from space 10240K, 99% used [0x00000007bf600000,0x00000007bfffab80,0x00000007c0000000)
  to   space 16896K, 0% used [0x00000007bdf00000,0x00000007bdf00000,0x00000007bef80000)
 ParOldGen       total 467456K, used 448416K [0x0000000704800000, 0x0000000721080000, 0x0000000781800000)
  object space 467456K, 95% used [0x0000000704800000,0x000000071fde8128,0x0000000721080000)
 Metaspace       used 7282K, capacity 7434K, committed 7680K, reserved 1056768K
  class space    used 714K, capacity 753K, committed 768K, reserved 1048576K
}
Event: 635.480 GC heap before
{Heap before GC invocations=1482 (full 9):
 PSYoungGen      total 1000448K, used 1000426K [0x0000000781800000, 0x00000007c0000000, 0x00000007c0000000)
  eden space 990208K, 100% used [0x0000000781800000,0x00000007bdf00000,0x00000007bdf00000)
  from space 10240K, 99% used [0x00000007bf600000,0x00000007bfffab80,0x00000007c0000000)
  to   space 16896K, 0% used [0x00000007bdf00000,0x00000007bdf00000,0x00000007bef80000)
 ParOldGen       total 467456K, used 448416K [0x0000000704800000, 0x0000000721080000, 0x0000000781800000)
  object space 467456K, 95% used [0x0000000704800000,0x000000071fde8128,0x0000000721080000)
 Metaspace       used 7282K, capacity 7434K, committed 7680K, reserved 1056768K
  class space    used 714K, capacity 753K, committed 768K, reserved 1048576K
Event: 635.489 GC heap after
Heap after GC invocations=1482 (full 9):
 PSYoungGen      total 1007104K, used 16895K [0x0000000781800000, 0x00000007c0000000, 0x00000007c0000000)
  eden space 990208K, 0% used [0x0000000781800000,0x0000000781800000,0x00000007bdf00000)
  from space 16896K, 99% used [0x00000007bdf00000,0x00000007bef7fe38,0x00000007bef80000)
  to   space 16896K, 0% used [0x00000007bef80000,0x00000007bef80000,0x00000007c0000000)
 ParOldGen       total 467456K, used 458208K [0x0000000704800000, 0x0000000721080000, 0x0000000781800000)
  object space 467456K, 98% used [0x0000000704800000,0x0000000720778348,0x0000000721080000)
 Metaspace       used 7282K, capacity 7434K, committed 7680K, reserved 1056768K
  class space    used 714K, capacity 753K, committed 768K, reserved 1048576K
}
Event: 635.890 GC heap before
{Heap before GC invocations=1483 (full 9):
 PSYoungGen      total 1007104K, used 1007103K [0x0000000781800000, 0x00000007c0000000, 0x00000007c0000000)
  eden space 990208K, 100% used [0x0000000781800000,0x00000007bdf00000,0x00000007bdf00000)
  from space 16896K, 99% used [0x00000007bdf00000,0x00000007bef7fe38,0x00000007bef80000)
  to   space 16896K, 0% used [0x00000007bef80000,0x00000007bef80000,0x00000007c0000000)
 ParOldGen       total 467456K, used 458208K [0x0000000704800000, 0x0000000721080000, 0x0000000781800000)
  object space 467456K, 98% used [0x0000000704800000,0x0000000720778348,0x0000000721080000)
 Metaspace       used 7282K, capacity 7434K, committed 7680K, reserved 1056768K
  class space    used 714K, capacity 753K, committed 768K, reserved 1048576K
Event: 636.035 GC heap after
Heap after GC invocations=1483 (full 9):
 PSYoungGen      total 919040K, used 16864K [0x0000000781800000, 0x00000007c0000000, 0x00000007c0000000)
  eden space 902144K, 0% used [0x0000000781800000,0x0000000781800000,0x00000007b8900000)
  from space 16896K, 99% used [0x00000007bef80000,0x00000007bfff83a0,0x00000007c0000000)
  to   space 60928K, 0% used [0x00000007b8900000,0x00000007b8900000,0x00000007bc480000)
 ParOldGen       total 557056K, used 556852K [0x0000000704800000, 0x0000000726800000, 0x0000000781800000)
  object space 557056K, 99% used [0x0000000704800000,0x00000007267cd3b8,0x0000000726800000)
 Metaspace       used 7282K, capacity 7434K, committed 7680K, reserved 1056768K
  class space    used 714K, capacity 753K, committed 768K, reserved 1048576K
}
Event: 636.035 GC heap before
{Heap before GC invocations=1484 (full 10):
 PSYoungGen      total 919040K, used 16864K [0x0000000781800000, 0x00000007c0000000, 0x00000007c0000000)
  eden space 902144K, 0% used [0x0000000781800000,0x0000000781800000,0x00000007b8900000)
  from space 16896K, 99% used [0x00000007bef80000,0x00000007bfff83a0,0x00000007c0000000)
  to   space 60928K, 0% used [0x00000007b8900000,0x00000007b8900000,0x00000007bc480000)
 ParOldGen       total 557056K, used 556852K [0x0000000704800000, 0x0000000726800000, 0x0000000781800000)
  object space 557056K, 99% used [0x0000000704800000,0x00000007267cd3b8,0x0000000726800000)
 Metaspace       used 7282K, capacity 7434K, committed 7680K, reserved 1056768K
  class space    used 714K, capacity 753K, committed 768K, reserved 1048576K
Event: 636.250 GC heap after
Heap after GC invocations=1484 (full 10):
 PSYoungGen      total 919040K, used 0K [0x0000000781800000, 0x00000007c0000000, 0x00000007c0000000)
  eden space 902144K, 0% used [0x0000000781800000,0x0000000781800000,0x00000007b8900000)
  from space 16896K, 0% used [0x00000007bef80000,0x00000007bef80000,0x00000007c0000000)
  to   space 60928K, 0% used [0x00000007b8900000,0x00000007b8900000,0x00000007bc480000)
 ParOldGen       total 587776K, used 422431K [0x0000000704800000, 0x0000000728600000, 0x0000000781800000)
  object space 587776K, 71% used [0x0000000704800000,0x000000071e487c28,0x0000000728600000)
 Metaspace       used 7282K, capacity 7434K, committed 7680K, reserved 1056768K
  class space    used 714K, capacity 753K, committed 768K, reserved 1048576K
}
Event: 637.083 GC heap before
{Heap before GC invocations=1485 (full 10):
 PSYoungGen      total 919040K, used 902144K [0x0000000781800000, 0x00000007c0000000, 0x00000007c0000000)
  eden space 902144K, 100% used [0x0000000781800000,0x00000007b8900000,0x00000007b8900000)
  from space 16896K, 0% used [0x00000007bef80000,0x00000007bef80000,0x00000007c0000000)
  to   space 60928K, 0% used [0x00000007b8900000,0x00000007b8900000,0x00000007bc480000)
 ParOldGen       total 587776K, used 422431K [0x0000000704800000, 0x0000000728600000, 0x0000000781800000)
  object space 587776K, 71% used [0x0000000704800000,0x000000071e487c28,0x0000000728600000)
 Metaspace       used 7282K, capacity 7434K, committed 7680K, reserved 1056768K
  class space    used 714K, capacity 753K, committed 768K, reserved 1048576K
Event: 639.305 GC heap after
Heap after GC invocations=1485 (full 10):
 PSYoungGen      total 919040K, used 902144K [0x0000000781800000, 0x00000007c0000000, 0x00000007c0000000)
  eden space 902144K, 100% used [0x0000000781800000,0x00000007b8900000,0x00000007b8900000)
  from space 16896K, 0% used [0x00000007bef80000,0x00000007bef80000,0x00000007c0000000)
  to   space 60928K, 99% used [0x00000007b8900000,0x00000007bc478d30,0x00000007bc480000)
 ParOldGen       total 610304K, used 610081K [0x0000000704800000, 0x0000000729c00000, 0x0000000781800000)
  object space 610304K, 99% used [0x0000000704800000,0x0000000729bc84c0,0x0000000729c00000)
 Metaspace       used 7282K, capacity 7434K, committed 7680K, reserved 1056768K
  class space    used 714K, capacity 753K, committed 768K, reserved 1048576K
}
Event: 640.740 GC heap before
{Heap before GC invocations=1486 (full 11):
 PSYoungGen      total 919040K, used 902144K [0x0000000781800000, 0x00000007c0000000, 0x00000007c0000000)
  eden space 902144K, 100% used [0x0000000781800000,0x00000007b8900000,0x00000007b8900000)
  from space 16896K, 0% used [0x00000007bef80000,0x00000007bef80000,0x00000007c0000000)
  to   space 60928K, 99% used [0x00000007b8900000,0x00000007bc478d30,0x00000007bc480000)
 ParOldGen       total 610304K, used 610081K [0x0000000704800000, 0x0000000729c00000, 0x0000000781800000)
  object space 610304K, 99% used [0x0000000704800000,0x0000000729bc84c0,0x0000000729c00000)
 Metaspace       used 7282K, capacity 7434K, committed 7680K, reserved 1056768K
  class space    used 714K, capacity 753K, committed 768K, reserved 1048576K

