# JRE version: Java(TM) SE Runtime Environment (8.0_101-b13) (build 1.8.0_101-b13)
# Java VM: Java HotSpot(TM) 64-Bit Server VM (25.101-b13 mixed mode linux-amd64 compressed oops)
Heap:
 PSYoungGen      total 460288K, used 0K [0x00000000d5580000, 0x0000000100000000, 0x0000000100000000)
  eden space 394752K, 0% used [0x00000000d5580000,0x00000000d5580000,0x00000000ed700000)
  from space 65536K, 0% used [0x00000000fc000000,0x00000000fc000000,0x0000000100000000)
  to   space 152064K, 0% used [0x00000000ed700000,0x00000000ed700000,0x00000000f6b80000)
 ParOldGen       total 884224K, used 732838K [0x0000000080000000, 0x00000000b5f80000, 0x00000000d5580000)
  object space 884224K, 82% used [0x0000000080000000,0x00000000acba9bc8,0x00000000b5f80000)
 Metaspace       used 7310K, capacity 7430K, committed 7680K, reserved 1056768K
  class space    used 715K, capacity 753K, committed 768K, reserved 1048576K
GC Heap History (10 events):
Event: 1179.450 GC heap after
Heap after GC invocations=3403 (full 19):
 PSYoungGen      total 639488K, used 0K [0x00000000d5580000, 0x0000000100000000, 0x0000000100000000)
  eden space 584704K, 0% used [0x00000000d5580000,0x00000000d5580000,0x00000000f9080000)
  from space 54784K, 0% used [0x00000000f9080000,0x00000000f9080000,0x00000000fc600000)
  to   space 59392K, 0% used [0x00000000fc600000,0x00000000fc600000,0x0000000100000000)
 ParOldGen       total 928768K, used 617283K [0x0000000080000000, 0x00000000b8b00000, 0x00000000d5580000)
  object space 928768K, 66% used [0x0000000080000000,0x00000000a5ad0e68,0x00000000b8b00000)
 Metaspace       used 7298K, capacity 7430K, committed 7680K, reserved 1056768K
  class space    used 715K, capacity 753K, committed 768K, reserved 1048576K
}
Event: 1179.665 GC heap before
{Heap before GC invocations=3404 (full 19):
 PSYoungGen      total 639488K, used 584704K [0x00000000d5580000, 0x0000000100000000, 0x0000000100000000)
  eden space 584704K, 100% used [0x00000000d5580000,0x00000000f9080000,0x00000000f9080000)
  from space 54784K, 0% used [0x00000000f9080000,0x00000000f9080000,0x00000000fc600000)
  to   space 59392K, 0% used [0x00000000fc600000,0x00000000fc600000,0x0000000100000000)
 ParOldGen       total 928768K, used 617283K [0x0000000080000000, 0x00000000b8b00000, 0x00000000d5580000)
  object space 928768K, 66% used [0x0000000080000000,0x00000000a5ad0e68,0x00000000b8b00000)
 Metaspace       used 7298K, capacity 7430K, committed 7680K, reserved 1056768K
  class space    used 715K, capacity 753K, committed 768K, reserved 1048576K
Event: 1179.736 GC heap after
Heap after GC invocations=3404 (full 19):
 PSYoungGen      total 627200K, used 59206K [0x00000000d5580000, 0x0000000100000000, 0x0000000100000000)
  eden space 567808K, 0% used [0x00000000d5580000,0x00000000d5580000,0x00000000f8000000)
  from space 59392K, 99% used [0x00000000fc600000,0x00000000fffd1b30,0x0000000100000000)
  to   space 65536K, 0% used [0x00000000f8000000,0x00000000f8000000,0x00000000fc000000)
 ParOldGen       total 928768K, used 847368K [0x0000000080000000, 0x00000000b8b00000, 0x00000000d5580000)
  object space 928768K, 91% used [0x0000000080000000,0x00000000b3b823c8,0x00000000b8b00000)
 Metaspace       used 7298K, capacity 7430K, committed 7680K, reserved 1056768K
  class space    used 715K, capacity 753K, committed 768K, reserved 1048576K
}
Event: 1179.736 GC heap before
{Heap before GC invocations=3405 (full 20):
 PSYoungGen      total 627200K, used 59206K [0x00000000d5580000, 0x0000000100000000, 0x0000000100000000)
  eden space 567808K, 0% used [0x00000000d5580000,0x00000000d5580000,0x00000000f8000000)
  from space 59392K, 99% used [0x00000000fc600000,0x00000000fffd1b30,0x0000000100000000)
  to   space 65536K, 0% used [0x00000000f8000000,0x00000000f8000000,0x00000000fc000000)
 ParOldGen       total 928768K, used 847368K [0x0000000080000000, 0x00000000b8b00000, 0x00000000d5580000)
  object space 928768K, 91% used [0x0000000080000000,0x00000000b3b823c8,0x00000000b8b00000)
 Metaspace       used 7298K, capacity 7430K, committed 7680K, reserved 1056768K
  class space    used 715K, capacity 753K, committed 768K, reserved 1048576K
Event: 1179.883 GC heap after
Heap after GC invocations=3405 (full 20):
 PSYoungGen      total 627200K, used 0K [0x00000000d5580000, 0x0000000100000000, 0x0000000100000000)
  eden space 567808K, 0% used [0x00000000d5580000,0x00000000d5580000,0x00000000f8000000)
  from space 59392K, 0% used [0x00000000fc600000,0x00000000fc600000,0x0000000100000000)
  to   space 65536K, 0% used [0x00000000f8000000,0x00000000f8000000,0x00000000fc000000)
 ParOldGen       total 884224K, used 465307K [0x0000000080000000, 0x00000000b5f80000, 0x00000000d5580000)
  object space 884224K, 52% used [0x0000000080000000,0x000000009c666c18,0x00000000b5f80000)
 Metaspace       used 7298K, capacity 7430K, committed 7680K, reserved 1056768K
  class space    used 715K, capacity 753K, committed 768K, reserved 1048576K
}
Event: 1180.933 GC heap before
{Heap before GC invocations=3406 (full 20):
 PSYoungGen      total 627200K, used 533355K [0x00000000d5580000, 0x0000000100000000, 0x0000000100000000)
  eden space 567808K, 93% used [0x00000000d5580000,0x00000000f5e5aee0,0x00000000f8000000)
  from space 59392K, 0% used [0x00000000fc600000,0x00000000fc600000,0x0000000100000000)
  to   space 65536K, 0% used [0x00000000f8000000,0x00000000f8000000,0x00000000fc000000)
 ParOldGen       total 884224K, used 465307K [0x0000000080000000, 0x00000000b5f80000, 0x00000000d5580000)
  object space 884224K, 52% used [0x0000000080000000,0x000000009c666c18,0x00000000b5f80000)
 Metaspace       used 7310K, capacity 7430K, committed 7680K, reserved 1056768K
  class space    used 715K, capacity 753K, committed 768K, reserved 1048576K
Event: 1181.031 GC heap after
Heap after GC invocations=3406 (full 20):
 PSYoungGen      total 633344K, used 65460K [0x00000000d5580000, 0x0000000100000000, 0x0000000100000000)
  eden space 567808K, 0% used [0x00000000d5580000,0x00000000d5580000,0x00000000f8000000)
  from space 65536K, 99% used [0x00000000f8000000,0x00000000fbfed0e0,0x00000000fc000000)
  to   space 65536K, 0% used [0x00000000fc000000,0x00000000fc000000,0x0000000100000000)
 ParOldGen       total 884224K, used 629895K [0x0000000080000000, 0x00000000b5f80000, 0x00000000d5580000)
  object space 884224K, 71% used [0x0000000080000000,0x00000000a6721f10,0x00000000b5f80000)
 Metaspace       used 7310K, capacity 7430K, committed 7680K, reserved 1056768K
  class space    used 715K, capacity 753K, committed 768K, reserved 1048576K
}
Event: 1183.948 GC heap before
{Heap before GC invocations=3407 (full 20):
 PSYoungGen      total 633344K, used 555984K [0x00000000d5580000, 0x0000000100000000, 0x0000000100000000)
  eden space 567808K, 86% used [0x00000000d5580000,0x00000000f34871f8,0x00000000f8000000)
  from space 65536K, 99% used [0x00000000f8000000,0x00000000fbfed0e0,0x00000000fc000000)
  to   space 65536K, 0% used [0x00000000fc000000,0x00000000fc000000,0x0000000100000000)
 ParOldGen       total 884224K, used 629895K [0x0000000080000000, 0x00000000b5f80000, 0x00000000d5580000)
  object space 884224K, 71% used [0x0000000080000000,0x00000000a6721f10,0x00000000b5f80000)
 Metaspace       used 7310K, capacity 7430K, committed 7680K, reserved 1056768K
  class space    used 715K, capacity 753K, committed 768K, reserved 1048576K
Event: 1184.131 GC heap after
Heap after GC invocations=3407 (full 20):
 PSYoungGen      total 460288K, used 65511K [0x00000000d5580000, 0x0000000100000000, 0x0000000100000000)
  eden space 394752K, 0% used [0x00000000d5580000,0x00000000d5580000,0x00000000ed700000)
  from space 65536K, 99% used [0x00000000fc000000,0x00000000ffff9e98,0x0000000100000000)
  to   space 152064K, 0% used [0x00000000ed700000,0x00000000ed700000,0x00000000f6b80000)
 ParOldGen       total 884224K, used 831002K [0x0000000080000000, 0x00000000b5f80000, 0x00000000d5580000)
  object space 884224K, 93% used [0x0000000080000000,0x00000000b2b869f0,0x00000000b5f80000)
 Metaspace       used 7310K, capacity 7430K, committed 7680K, reserved 1056768K
  class space    used 715K, capacity 753K, committed 768K, reserved 1048576K
}
Event: 1184.131 GC heap before
{Heap before GC invocations=3408 (full 21):
 PSYoungGen      total 460288K, used 65511K [0x00000000d5580000, 0x0000000100000000, 0x0000000100000000)
  eden space 394752K, 0% used [0x00000000d5580000,0x00000000d5580000,0x00000000ed700000)
  from space 65536K, 99% used [0x00000000fc000000,0x00000000ffff9e98,0x0000000100000000)
  to   space 152064K, 0% used [0x00000000ed700000,0x00000000ed700000,0x00000000f6b80000)
 ParOldGen       total 884224K, used 831002K [0x0000000080000000, 0x00000000b5f80000, 0x00000000d5580000)
  object space 884224K, 93% used [0x0000000080000000,0x00000000b2b869f0,0x00000000b5f80000)
 Metaspace       used 7310K, capacity 7430K, committed 7680K, reserved 1056768K
  class space    used 715K, capacity 753K, committed 768K, reserved 1048576K

